# JRE version: Java(TM) SE Runtime Environment (7.0_67-b01) (build 1.7.0_67-b01)
# Java VM: Java HotSpot(TM) 64-Bit Server VM (24.65-b04 mixed mode windows-amd64 compressed oops)
Heap
 PSYoungGen      total 294912K, used 79031K [0x00000000eaa80000, 0x00000000fff00000, 0x0000000100000000)
  eden space 245760K, 19% used [0x00000000eaa80000,0x00000000eda5cf68,0x00000000f9a80000)
  from space 49152K, 61% used [0x00000000f9a80000,0x00000000fb7d0ce8,0x00000000fca80000)
  to   space 48128K, 0% used [0x00000000fd000000,0x00000000fd000000,0x00000000fff00000)
 ParOldGen       total 188928K, used 115602K [0x00000000c0000000, 0x00000000cb880000, 0x00000000eaa80000)
  object space 188928K, 61% used [0x00000000c0000000,0x00000000c70e4b10,0x00000000cb880000)
 PSPermGen       total 187904K, used 164967K [0x00000000b0000000, 0x00000000bb780000, 0x00000000c0000000)
  object space 187904K, 87% used [0x00000000b0000000,0x00000000ba119eb0,0x00000000bb780000)
GC Heap History (10 events):
Event: 1423.569 GC heap before
{Heap before GC invocations=46 (full 10):
 PSYoungGen      total 294912K, used 36581K [0x00000000eaa80000, 0x0000000100000000, 0x0000000100000000)
  eden space 243712K, 0% used [0x00000000eaa80000,0x00000000eaa80000,0x00000000f9880000)
  from space 51200K, 71% used [0x00000000fcc00000,0x00000000fefb9678,0x00000000ffe00000)
  to   space 52736K, 0% used [0x00000000f9880000,0x00000000f9880000,0x00000000fcc00000)
 ParOldGen       total 188928K, used 172735K [0x00000000c0000000, 0x00000000cb880000, 0x00000000eaa80000)
  object space 188928K, 91% used [0x00000000c0000000,0x00000000ca8afdf8,0x00000000cb880000)
 PSPermGen       total 168960K, used 147793K [0x00000000b0000000, 0x00000000ba500000, 0x00000000c0000000)
  object space 168960K, 87% used [0x00000000b0000000,0x00000000b9054738,0x00000000ba500000)
Event: 1424.597 GC heap after
Heap after GC invocations=46 (full 10):
 PSYoungGen      total 294912K, used 0K [0x00000000eaa80000, 0x0000000100000000, 0x0000000100000000)
  eden space 243712K, 0% used [0x00000000eaa80000,0x00000000eaa80000,0x00000000f9880000)
  from space 51200K, 0% used [0x00000000fcc00000,0x00000000fcc00000,0x00000000ffe00000)
  to   space 52736K, 0% used [0x00000000f9880000,0x00000000f9880000,0x00000000fcc00000)
 ParOldGen       total 188928K, used 105277K [0x00000000c0000000, 0x00000000cb880000, 0x00000000eaa80000)
  object space 188928K, 55% used [0x00000000c0000000,0x00000000c66cf5f0,0x00000000cb880000)
 PSPermGen       total 180736K, used 144890K [0x00000000b0000000, 0x00000000bb080000, 0x00000000c0000000)
  object space 180736K, 80% used [0x00000000b0000000,0x00000000b8d7eb88,0x00000000bb080000)
}
Event: 1542.187 GC heap before
{Heap before GC invocations=47 (full 10):
 PSYoungGen      total 294912K, used 243712K [0x00000000eaa80000, 0x0000000100000000, 0x0000000100000000)
  eden space 243712K, 100% used [0x00000000eaa80000,0x00000000f9880000,0x00000000f9880000)
  from space 51200K, 0% used [0x00000000fcc00000,0x00000000fcc00000,0x00000000ffe00000)
  to   space 52736K, 0% used [0x00000000f9880000,0x00000000f9880000,0x00000000fcc00000)
 ParOldGen       total 188928K, used 105277K [0x00000000c0000000, 0x00000000cb880000, 0x00000000eaa80000)
  object space 188928K, 55% used [0x00000000c0000000,0x00000000c66cf5f0,0x00000000cb880000)
 PSPermGen       total 180736K, used 154018K [0x00000000b0000000, 0x00000000bb080000, 0x00000000c0000000)
  object space 180736K, 85% used [0x00000000b0000000,0x00000000b9668bf0,0x00000000bb080000)
Event: 1543.531 GC heap after
Heap after GC invocations=47 (full 10):
 PSYoungGen      total 270336K, used 26243K [0x00000000eaa80000, 0x00000000ffc80000, 0x0000000100000000)
  eden space 243712K, 0% used [0x00000000eaa80000,0x00000000eaa80000,0x00000000f9880000)
  from space 26624K, 98% used [0x00000000f9880000,0x00000000fb220d40,0x00000000fb280000)
  to   space 50176K, 0% used [0x00000000fcb80000,0x00000000fcb80000,0x00000000ffc80000)
 ParOldGen       total 188928K, used 105277K [0x00000000c0000000, 0x00000000cb880000, 0x00000000eaa80000)
  object space 188928K, 55% used [0x00000000c0000000,0x00000000c66cf5f0,0x00000000cb880000)
 PSPermGen       total 180736K, used 154018K [0x00000000b0000000, 0x00000000bb080000, 0x00000000c0000000)
  object space 180736K, 85% used [0x00000000b0000000,0x00000000b9668bf0,0x00000000bb080000)
}
Event: 1546.095 GC heap before
{Heap before GC invocations=48 (full 10):
 PSYoungGen      total 270336K, used 182701K [0x00000000eaa80000, 0x00000000ffc80000, 0x0000000100000000)
  eden space 243712K, 64% used [0x00000000eaa80000,0x00000000f434a728,0x00000000f9880000)
  from space 26624K, 98% used [0x00000000f9880000,0x00000000fb220d40,0x00000000fb280000)
  to   space 50176K, 0% used [0x00000000fcb80000,0x00000000fcb80000,0x00000000ffc80000)
 ParOldGen       total 188928K, used 105277K [0x00000000c0000000, 0x00000000cb880000, 0x00000000eaa80000)
  object space 188928K, 55% used [0x00000000c0000000,0x00000000c66cf5f0,0x00000000cb880000)
 PSPermGen       total 180736K, used 155256K [0x00000000b0000000, 0x00000000bb080000, 0x00000000c0000000)
  object space 180736K, 85% used [0x00000000b0000000,0x00000000b979e150,0x00000000bb080000)
Event: 1546.130 GC heap after
Heap after GC invocations=48 (full 10):
 PSYoungGen      total 293888K, used 18839K [0x00000000eaa80000, 0x00000000ffa80000, 0x0000000100000000)
  eden space 245760K, 0% used [0x00000000eaa80000,0x00000000eaa80000,0x00000000f9a80000)
  from space 48128K, 39% used [0x00000000fcb80000,0x00000000fdde5d20,0x00000000ffa80000)
  to   space 49152K, 0% used [0x00000000f9a80000,0x00000000f9a80000,0x00000000fca80000)
 ParOldGen       total 188928K, used 105277K [0x00000000c0000000, 0x00000000cb880000, 0x00000000eaa80000)
  object space 188928K, 55% used [0x00000000c0000000,0x00000000c66cf5f0,0x00000000cb880000)
 PSPermGen       total 180736K, used 155256K [0x00000000b0000000, 0x00000000bb080000, 0x00000000c0000000)
  object space 180736K, 85% used [0x00000000b0000000,0x00000000b979e150,0x00000000bb080000)
}
Event: 1546.130 GC heap before
{Heap before GC invocations=49 (full 11):
 PSYoungGen      total 293888K, used 18839K [0x00000000eaa80000, 0x00000000ffa80000, 0x0000000100000000)
  eden space 245760K, 0% used [0x00000000eaa80000,0x00000000eaa80000,0x00000000f9a80000)
  from space 48128K, 39% used [0x00000000fcb80000,0x00000000fdde5d20,0x00000000ffa80000)
  to   space 49152K, 0% used [0x00000000f9a80000,0x00000000f9a80000,0x00000000fca80000)
 ParOldGen       total 188928K, used 105277K [0x00000000c0000000, 0x00000000cb880000, 0x00000000eaa80000)
  object space 188928K, 55% used [0x00000000c0000000,0x00000000c66cf5f0,0x00000000cb880000)
 PSPermGen       total 180736K, used 155256K [0x00000000b0000000, 0x00000000bb080000, 0x00000000c0000000)
  object space 180736K, 85% used [0x00000000b0000000,0x00000000b979e150,0x00000000bb080000)
Event: 1547.217 GC heap after
Heap after GC invocations=49 (full 11):
 PSYoungGen      total 293888K, used 0K [0x00000000eaa80000, 0x00000000ffa80000, 0x0000000100000000)
  eden space 245760K, 0% used [0x00000000eaa80000,0x00000000eaa80000,0x00000000f9a80000)
  from space 48128K, 0% used [0x00000000fcb80000,0x00000000fcb80000,0x00000000ffa80000)
  to   space 49152K, 0% used [0x00000000f9a80000,0x00000000f9a80000,0x00000000fca80000)
 ParOldGen       total 188928K, used 115602K [0x00000000c0000000, 0x00000000cb880000, 0x00000000eaa80000)
  object space 188928K, 61% used [0x00000000c0000000,0x00000000c70e4b10,0x00000000cb880000)
 PSPermGen       total 187904K, used 155247K [0x00000000b0000000, 0x00000000bb780000, 0x00000000c0000000)
  object space 187904K, 82% used [0x00000000b0000000,0x00000000b979be08,0x00000000bb780000)
}
Event: 1584.646 GC heap before
{Heap before GC invocations=50 (full 11):
 PSYoungGen      total 293888K, used 245760K [0x00000000eaa80000, 0x00000000ffa80000, 0x0000000100000000)
  eden space 245760K, 100% used [0x00000000eaa80000,0x00000000f9a80000,0x00000000f9a80000)
  from space 48128K, 0% used [0x00000000fcb80000,0x00000000fcb80000,0x00000000ffa80000)
  to   space 49152K, 0% used [0x00000000f9a80000,0x00000000f9a80000,0x00000000fca80000)
 ParOldGen       total 188928K, used 115602K [0x00000000c0000000, 0x00000000cb880000, 0x00000000eaa80000)
  object space 188928K, 61% used [0x00000000c0000000,0x00000000c70e4b10,0x00000000cb880000)
 PSPermGen       total 187904K, used 164730K [0x00000000b0000000, 0x00000000bb780000, 0x00000000c0000000)
  object space 187904K, 87% used [0x00000000b0000000,0x00000000ba0deac8,0x00000000bb780000)
Event: 1585.091 GC heap after
Heap after GC invocations=50 (full 11):
 PSYoungGen      total 294912K, used 30019K [0x00000000eaa80000, 0x00000000fff00000, 0x0000000100000000)
  eden space 245760K, 0% used [0x00000000eaa80000,0x00000000eaa80000,0x00000000f9a80000)
  from space 49152K, 61% used [0x00000000f9a80000,0x00000000fb7d0ce8,0x00000000fca80000)
  to   space 48128K, 0% used [0x00000000fd000000,0x00000000fd000000,0x00000000fff00000)
 ParOldGen       total 188928K, used 115602K [0x00000000c0000000, 0x00000000cb880000, 0x00000000eaa80000)
  object space 188928K, 61% used [0x00000000c0000000,0x00000000c70e4b10,0x00000000cb880000)
 PSPermGen       total 187904K, used 164730K [0x00000000b0000000, 0x00000000bb780000, 0x00000000c0000000)
  object space 187904K, 87% used [0x00000000b0000000,0x00000000ba0deac8,0x00000000bb780000)
}

