# JRE version: Java(TM) SE Runtime Environment (7.0_67-b01) (build 1.7.0_67-b01)
# Java VM: Java HotSpot(TM) 64-Bit Server VM (24.65-b04 mixed mode windows-amd64 compressed oops)
Heap
 PSYoungGen      total 142848K, used 124928K [0x00000000eaa80000, 0x00000000fa100000, 0x0000000100000000)
  eden space 124928K, 100% used [0x00000000eaa80000,0x00000000f2480000,0x00000000f2480000)
  from space 17920K, 0% used [0x00000000f2480000,0x00000000f2480000,0x00000000f3600000)
  to   space 26112K, 0% used [0x00000000f8780000,0x00000000f8780000,0x00000000fa100000)
 ParOldGen       total 42496K, used 42427K [0x00000000c0000000, 0x00000000c2980000, 0x00000000eaa80000)
  object space 42496K, 99% used [0x00000000c0000000,0x00000000c296eca0,0x00000000c2980000)
 PSPermGen       total 21504K, used 5821K [0x00000000bae00000, 0x00000000bc300000, 0x00000000c0000000)
  object space 21504K, 27% used [0x00000000bae00000,0x00000000bb3af410,0x00000000bc300000)
GC Heap History (10 events):
Event: 5.678 GC heap after
Heap after GC invocations=10 (full 1):
 PSYoungGen      total 142848K, used 12241K [0x00000000eaa80000, 0x00000000fa100000, 0x0000000100000000)
  eden space 124928K, 0% used [0x00000000eaa80000,0x00000000eaa80000,0x00000000f2480000)
  from space 17920K, 68% used [0x00000000f2480000,0x00000000f3074638,0x00000000f3600000)
  to   space 26112K, 0% used [0x00000000f8780000,0x00000000f8780000,0x00000000fa100000)
 ParOldGen       total 42496K, used 42200K [0x00000000c0000000, 0x00000000c2980000, 0x00000000eaa80000)
  object space 42496K, 99% used [0x00000000c0000000,0x00000000c2936298,0x00000000c2980000)
 PSPermGen       total 21504K, used 5768K [0x00000000bae00000, 0x00000000bc300000, 0x00000000c0000000)
  object space 21504K, 26% used [0x00000000bae00000,0x00000000bb3a23f8,0x00000000bc300000)
}
Event: 6.257 GC heap before
{Heap before GC invocations=11 (full 2):
 PSYoungGen      total 142848K, used 137169K [0x00000000eaa80000, 0x00000000fa100000, 0x0000000100000000)
  eden space 124928K, 100% used [0x00000000eaa80000,0x00000000f2480000,0x00000000f2480000)
  from space 17920K, 68% used [0x00000000f2480000,0x00000000f3074638,0x00000000f3600000)
  to   space 26112K, 0% used [0x00000000f8780000,0x00000000f8780000,0x00000000fa100000)
 ParOldGen       total 42496K, used 42200K [0x00000000c0000000, 0x00000000c2980000, 0x00000000eaa80000)
  object space 42496K, 99% used [0x00000000c0000000,0x00000000c2936298,0x00000000c2980000)
 PSPermGen       total 21504K, used 5784K [0x00000000bae00000, 0x00000000bc300000, 0x00000000c0000000)
  object space 21504K, 26% used [0x00000000bae00000,0x00000000bb3a6190,0x00000000bc300000)
Event: 6.720 GC heap after
Heap after GC invocations=11 (full 2):
 PSYoungGen      total 142848K, used 30974K [0x00000000eaa80000, 0x00000000fa100000, 0x0000000100000000)
  eden space 124928K, 24% used [0x00000000eaa80000,0x00000000ec8bf9f0,0x00000000f2480000)
  from space 17920K, 0% used [0x00000000f2480000,0x00000000f2480000,0x00000000f3600000)
  to   space 26112K, 0% used [0x00000000f8780000,0x00000000f8780000,0x00000000fa100000)
 ParOldGen       total 42496K, used 42473K [0x00000000c0000000, 0x00000000c2980000, 0x00000000eaa80000)
  object space 42496K, 99% used [0x00000000c0000000,0x00000000c297a728,0x00000000c2980000)
 PSPermGen       total 21504K, used 5784K [0x00000000bae00000, 0x00000000bc300000, 0x00000000c0000000)
  object space 21504K, 26% used [0x00000000bae00000,0x00000000bb3a6030,0x00000000bc300000)
}
Event: 7.090 GC heap before
{Heap before GC invocations=12 (full 3):
 PSYoungGen      total 142848K, used 124928K [0x00000000eaa80000, 0x00000000fa100000, 0x0000000100000000)
  eden space 124928K, 100% used [0x00000000eaa80000,0x00000000f2480000,0x00000000f2480000)
  from space 17920K, 0% used [0x00000000f2480000,0x00000000f2480000,0x00000000f3600000)
  to   space 26112K, 0% used [0x00000000f8780000,0x00000000f8780000,0x00000000fa100000)
 ParOldGen       total 42496K, used 42473K [0x00000000c0000000, 0x00000000c2980000, 0x00000000eaa80000)
  object space 42496K, 99% used [0x00000000c0000000,0x00000000c297a728,0x00000000c2980000)
 PSPermGen       total 21504K, used 5795K [0x00000000bae00000, 0x00000000bc300000, 0x00000000c0000000)
  object space 21504K, 26% used [0x00000000bae00000,0x00000000bb3a8f38,0x00000000bc300000)
Event: 7.504 GC heap after
Heap after GC invocations=12 (full 3):
 PSYoungGen      total 142848K, used 45324K [0x00000000eaa80000, 0x00000000fa100000, 0x0000000100000000)
  eden space 124928K, 36% used [0x00000000eaa80000,0x00000000ed6c31b0,0x00000000f2480000)
  from space 17920K, 0% used [0x00000000f2480000,0x00000000f2480000,0x00000000f3600000)
  to   space 26112K, 0% used [0x00000000f8780000,0x00000000f8780000,0x00000000fa100000)
 ParOldGen       total 42496K, used 42427K [0x00000000c0000000, 0x00000000c2980000, 0x00000000eaa80000)
  object space 42496K, 99% used [0x00000000c0000000,0x00000000c296eca0,0x00000000c2980000)
 PSPermGen       total 21504K, used 5795K [0x00000000bae00000, 0x00000000bc300000, 0x00000000c0000000)
  object space 21504K, 26% used [0x00000000bae00000,0x00000000bb3a8e98,0x00000000bc300000)
}
Event: 7.774 GC heap before
{Heap before GC invocations=13 (full 4):
 PSYoungGen      total 142848K, used 124928K [0x00000000eaa80000, 0x00000000fa100000, 0x0000000100000000)
  eden space 124928K, 100% used [0x00000000eaa80000,0x00000000f2480000,0x00000000f2480000)
  from space 17920K, 0% used [0x00000000f2480000,0x00000000f2480000,0x00000000f3600000)
  to   space 26112K, 0% used [0x00000000f8780000,0x00000000f8780000,0x00000000fa100000)
 ParOldGen       total 42496K, used 42427K [0x00000000c0000000, 0x00000000c2980000, 0x00000000eaa80000)
  object space 42496K, 99% used [0x00000000c0000000,0x00000000c296eca0,0x00000000c2980000)
 PSPermGen       total 21504K, used 5802K [0x00000000bae00000, 0x00000000bc300000, 0x00000000c0000000)
  object space 21504K, 26% used [0x00000000bae00000,0x00000000bb3aab68,0x00000000bc300000)
Event: 8.183 GC heap after
Heap after GC invocations=13 (full 4):
 PSYoungGen      total 142848K, used 57291K [0x00000000eaa80000, 0x00000000fa100000, 0x0000000100000000)
  eden space 124928K, 45% used [0x00000000eaa80000,0x00000000ee272d38,0x00000000f2480000)
  from space 17920K, 0% used [0x00000000f2480000,0x00000000f2480000,0x00000000f3600000)
  to   space 26112K, 0% used [0x00000000f8780000,0x00000000f8780000,0x00000000fa100000)
 ParOldGen       total 42496K, used 42427K [0x00000000c0000000, 0x00000000c2980000, 0x00000000eaa80000)
  object space 42496K, 99% used [0x00000000c0000000,0x00000000c296eca0,0x00000000c2980000)
 PSPermGen       total 21504K, used 5802K [0x00000000bae00000, 0x00000000bc300000, 0x00000000c0000000)
  object space 21504K, 26% used [0x00000000bae00000,0x00000000bb3aab68,0x00000000bc300000)
}
Event: 8.467 GC heap before
{Heap before GC invocations=14 (full 5):
 PSYoungGen      total 142848K, used 124928K [0x00000000eaa80000, 0x00000000fa100000, 0x0000000100000000)
  eden space 124928K, 100% used [0x00000000eaa80000,0x00000000f2480000,0x00000000f2480000)
  from space 17920K, 0% used [0x00000000f2480000,0x00000000f2480000,0x00000000f3600000)
  to   space 26112K, 0% used [0x00000000f8780000,0x00000000f8780000,0x00000000fa100000)
 ParOldGen       total 42496K, used 42427K [0x00000000c0000000, 0x00000000c2980000, 0x00000000eaa80000)
  object space 42496K, 99% used [0x00000000c0000000,0x00000000c296eca0,0x00000000c2980000)
 PSPermGen       total 21504K, used 5805K [0x00000000bae00000, 0x00000000bc300000, 0x00000000c0000000)
  object space 21504K, 26% used [0x00000000bae00000,0x00000000bb3ab778,0x00000000bc300000)
Event: 8.872 GC heap after
Heap after GC invocations=14 (full 5):
 PSYoungGen      total 142848K, used 67850K [0x00000000eaa80000, 0x00000000fa100000, 0x0000000100000000)
  eden space 124928K, 54% used [0x00000000eaa80000,0x00000000eecc2968,0x00000000f2480000)
  from space 17920K, 0% used [0x00000000f2480000,0x00000000f2480000,0x00000000f3600000)
  to   space 26112K, 0% used [0x00000000f8780000,0x00000000f8780000,0x00000000fa100000)
 ParOldGen       total 42496K, used 42427K [0x00000000c0000000, 0x00000000c2980000, 0x00000000eaa80000)
  object space 42496K, 99% used [0x00000000c0000000,0x00000000c296eca0,0x00000000c2980000)
 PSPermGen       total 21504K, used 5805K [0x00000000bae00000, 0x00000000bc300000, 0x00000000c0000000)
  object space 21504K, 26% used [0x00000000bae00000,0x00000000bb3ab758,0x00000000bc300000)
}
Event: 9.102 GC heap before
{Heap before GC invocations=15 (full 6):
 PSYoungGen      total 142848K, used 124928K [0x00000000eaa80000, 0x00000000fa100000, 0x0000000100000000)
  eden space 124928K, 100% used [0x00000000eaa80000,0x00000000f2480000,0x00000000f2480000)
  from space 17920K, 0% used [0x00000000f2480000,0x00000000f2480000,0x00000000f3600000)
  to   space 26112K, 0% used [0x00000000f8780000,0x00000000f8780000,0x00000000fa100000)
 ParOldGen       total 42496K, used 42427K [0x00000000c0000000, 0x00000000c2980000, 0x00000000eaa80000)
  object space 42496K, 99% used [0x00000000c0000000,0x00000000c296eca0,0x00000000c2980000)
 PSPermGen       total 21504K, used 5808K [0x00000000bae00000, 0x00000000bc300000, 0x00000000c0000000)
  object space 21504K, 27% used [0x00000000bae00000,0x00000000bb3ac0e8,0x00000000bc300000)

