# JRE version: Java(TM) SE Runtime Environment (7.0_67-b01) (build 1.7.0_67-b01)
# Java VM: Java HotSpot(TM) 64-Bit Server VM (24.65-b04 mixed mode windows-amd64 compressed oops)
Heap
 PSYoungGen      total 73728K, used 65024K [0x00000000eaa80000, 0x00000000f3780000, 0x0000000100000000)
  eden space 65024K, 100% used [0x00000000eaa80000,0x00000000eea00000,0x00000000eea00000)
  from space 8704K, 0% used [0x00000000eea00000,0x00000000eea00000,0x00000000ef280000)
  to   space 19968K, 0% used [0x00000000f2400000,0x00000000f2400000,0x00000000f3780000)
 ParOldGen       total 42496K, used 42385K [0x00000000c0000000, 0x00000000c2980000, 0x00000000eaa80000)
  object space 42496K, 99% used [0x00000000c0000000,0x00000000c2964448,0x00000000c2980000)
 PSPermGen       total 21504K, used 5790K [0x00000000bae00000, 0x00000000bc300000, 0x00000000c0000000)
  object space 21504K, 26% used [0x00000000bae00000,0x00000000bb3a79c8,0x00000000bc300000)
GC Heap History (10 events):
Event: 5.313 GC heap after
Heap after GC invocations=10 (full 1):
 PSYoungGen      total 73728K, used 2548K [0x00000000eaa80000, 0x00000000f3780000, 0x0000000100000000)
  eden space 65024K, 0% used [0x00000000eaa80000,0x00000000eaa80000,0x00000000eea00000)
  from space 8704K, 29% used [0x00000000eea00000,0x00000000eec7d100,0x00000000ef280000)
  to   space 19968K, 0% used [0x00000000f2400000,0x00000000f2400000,0x00000000f3780000)
 ParOldGen       total 42496K, used 42351K [0x00000000c0000000, 0x00000000c2980000, 0x00000000eaa80000)
  object space 42496K, 99% used [0x00000000c0000000,0x00000000c295bf58,0x00000000c2980000)
 PSPermGen       total 21504K, used 5724K [0x00000000bae00000, 0x00000000bc300000, 0x00000000c0000000)
  object space 21504K, 26% used [0x00000000bae00000,0x00000000bb397220,0x00000000bc300000)
}
Event: 5.723 GC heap before
{Heap before GC invocations=11 (full 2):
 PSYoungGen      total 73728K, used 67572K [0x00000000eaa80000, 0x00000000f3780000, 0x0000000100000000)
  eden space 65024K, 100% used [0x00000000eaa80000,0x00000000eea00000,0x00000000eea00000)
  from space 8704K, 29% used [0x00000000eea00000,0x00000000eec7d100,0x00000000ef280000)
  to   space 19968K, 0% used [0x00000000f2400000,0x00000000f2400000,0x00000000f3780000)
 ParOldGen       total 42496K, used 42351K [0x00000000c0000000, 0x00000000c2980000, 0x00000000eaa80000)
  object space 42496K, 99% used [0x00000000c0000000,0x00000000c295bf58,0x00000000c2980000)
 PSPermGen       total 21504K, used 5772K [0x00000000bae00000, 0x00000000bc300000, 0x00000000c0000000)
  object space 21504K, 26% used [0x00000000bae00000,0x00000000bb3a31f8,0x00000000bc300000)
Event: 5.986 GC heap after
Heap after GC invocations=11 (full 2):
 PSYoungGen      total 73728K, used 12490K [0x00000000eaa80000, 0x00000000f3780000, 0x0000000100000000)
  eden space 65024K, 19% used [0x00000000eaa80000,0x00000000eb6b2ad0,0x00000000eea00000)
  from space 8704K, 0% used [0x00000000eea00000,0x00000000eea00000,0x00000000ef280000)
  to   space 19968K, 0% used [0x00000000f2400000,0x00000000f2400000,0x00000000f3780000)
 ParOldGen       total 42496K, used 42411K [0x00000000c0000000, 0x00000000c2980000, 0x00000000eaa80000)
  object space 42496K, 99% used [0x00000000c0000000,0x00000000c296af30,0x00000000c2980000)
 PSPermGen       total 21504K, used 5772K [0x00000000bae00000, 0x00000000bc300000, 0x00000000c0000000)
  object space 21504K, 26% used [0x00000000bae00000,0x00000000bb3a3118,0x00000000bc300000)
}
Event: 6.201 GC heap before
{Heap before GC invocations=12 (full 3):
 PSYoungGen      total 73728K, used 65024K [0x00000000eaa80000, 0x00000000f3780000, 0x0000000100000000)
  eden space 65024K, 100% used [0x00000000eaa80000,0x00000000eea00000,0x00000000eea00000)
  from space 8704K, 0% used [0x00000000eea00000,0x00000000eea00000,0x00000000ef280000)
  to   space 19968K, 0% used [0x00000000f2400000,0x00000000f2400000,0x00000000f3780000)
 ParOldGen       total 42496K, used 42411K [0x00000000c0000000, 0x00000000c2980000, 0x00000000eaa80000)
  object space 42496K, 99% used [0x00000000c0000000,0x00000000c296af30,0x00000000c2980000)
 PSPermGen       total 21504K, used 5777K [0x00000000bae00000, 0x00000000bc300000, 0x00000000c0000000)
  object space 21504K, 26% used [0x00000000bae00000,0x00000000bb3a44d0,0x00000000bc300000)
Event: 6.506 GC heap after
Heap after GC invocations=12 (full 3):
 PSYoungGen      total 73728K, used 20324K [0x00000000eaa80000, 0x00000000f3780000, 0x0000000100000000)
  eden space 65024K, 31% used [0x00000000eaa80000,0x00000000ebe59108,0x00000000eea00000)
  from space 8704K, 0% used [0x00000000eea00000,0x00000000eea00000,0x00000000ef280000)
  to   space 19968K, 0% used [0x00000000f2400000,0x00000000f2400000,0x00000000f3780000)
 ParOldGen       total 42496K, used 42385K [0x00000000c0000000, 0x00000000c2980000, 0x00000000eaa80000)
  object space 42496K, 99% used [0x00000000c0000000,0x00000000c2964448,0x00000000c2980000)
 PSPermGen       total 21504K, used 5776K [0x00000000bae00000, 0x00000000bc300000, 0x00000000c0000000)
  object space 21504K, 26% used [0x00000000bae00000,0x00000000bb3a43b0,0x00000000bc300000)
}
Event: 6.685 GC heap before
{Heap before GC invocations=13 (full 4):
 PSYoungGen      total 73728K, used 65024K [0x00000000eaa80000, 0x00000000f3780000, 0x0000000100000000)
  eden space 65024K, 100% used [0x00000000eaa80000,0x00000000eea00000,0x00000000eea00000)
  from space 8704K, 0% used [0x00000000eea00000,0x00000000eea00000,0x00000000ef280000)
  to   space 19968K, 0% used [0x00000000f2400000,0x00000000f2400000,0x00000000f3780000)
 ParOldGen       total 42496K, used 42385K [0x00000000c0000000, 0x00000000c2980000, 0x00000000eaa80000)
  object space 42496K, 99% used [0x00000000c0000000,0x00000000c2964448,0x00000000c2980000)
 PSPermGen       total 21504K, used 5784K [0x00000000bae00000, 0x00000000bc300000, 0x00000000c0000000)
  object space 21504K, 26% used [0x00000000bae00000,0x00000000bb3a60d0,0x00000000bc300000)
Event: 6.941 GC heap after
Heap after GC invocations=13 (full 4):
 PSYoungGen      total 73728K, used 27668K [0x00000000eaa80000, 0x00000000f3780000, 0x0000000100000000)
  eden space 65024K, 42% used [0x00000000eaa80000,0x00000000ec5852f8,0x00000000eea00000)
  from space 8704K, 0% used [0x00000000eea00000,0x00000000eea00000,0x00000000ef280000)
  to   space 19968K, 0% used [0x00000000f2400000,0x00000000f2400000,0x00000000f3780000)
 ParOldGen       total 42496K, used 42385K [0x00000000c0000000, 0x00000000c2980000, 0x00000000eaa80000)
  object space 42496K, 99% used [0x00000000c0000000,0x00000000c2964448,0x00000000c2980000)
 PSPermGen       total 21504K, used 5783K [0x00000000bae00000, 0x00000000bc300000, 0x00000000c0000000)
  object space 21504K, 26% used [0x00000000bae00000,0x00000000bb3a5ff0,0x00000000bc300000)
}
Event: 7.124 GC heap before
{Heap before GC invocations=14 (full 5):
 PSYoungGen      total 73728K, used 65024K [0x00000000eaa80000, 0x00000000f3780000, 0x0000000100000000)
  eden space 65024K, 100% used [0x00000000eaa80000,0x00000000eea00000,0x00000000eea00000)
  from space 8704K, 0% used [0x00000000eea00000,0x00000000eea00000,0x00000000ef280000)
  to   space 19968K, 0% used [0x00000000f2400000,0x00000000f2400000,0x00000000f3780000)
 ParOldGen       total 42496K, used 42385K [0x00000000c0000000, 0x00000000c2980000, 0x00000000eaa80000)
  object space 42496K, 99% used [0x00000000c0000000,0x00000000c2964448,0x00000000c2980000)
 PSPermGen       total 21504K, used 5786K [0x00000000bae00000, 0x00000000bc300000, 0x00000000c0000000)
  object space 21504K, 26% used [0x00000000bae00000,0x00000000bb3a6990,0x00000000bc300000)
Event: 7.380 GC heap after
Heap after GC invocations=14 (full 5):
 PSYoungGen      total 73728K, used 33144K [0x00000000eaa80000, 0x00000000f3780000, 0x0000000100000000)
  eden space 65024K, 50% used [0x00000000eaa80000,0x00000000ecade3d8,0x00000000eea00000)
  from space 8704K, 0% used [0x00000000eea00000,0x00000000eea00000,0x00000000ef280000)
  to   space 19968K, 0% used [0x00000000f2400000,0x00000000f2400000,0x00000000f3780000)
 ParOldGen       total 42496K, used 42385K [0x00000000c0000000, 0x00000000c2980000, 0x00000000eaa80000)
  object space 42496K, 99% used [0x00000000c0000000,0x00000000c2964448,0x00000000c2980000)
 PSPermGen       total 21504K, used 5786K [0x00000000bae00000, 0x00000000bc300000, 0x00000000c0000000)
  object space 21504K, 26% used [0x00000000bae00000,0x00000000bb3a6930,0x00000000bc300000)
}
Event: 7.558 GC heap before
{Heap before GC invocations=15 (full 6):
 PSYoungGen      total 73728K, used 65024K [0x00000000eaa80000, 0x00000000f3780000, 0x0000000100000000)
  eden space 65024K, 100% used [0x00000000eaa80000,0x00000000eea00000,0x00000000eea00000)
  from space 8704K, 0% used [0x00000000eea00000,0x00000000eea00000,0x00000000ef280000)
  to   space 19968K, 0% used [0x00000000f2400000,0x00000000f2400000,0x00000000f3780000)
 ParOldGen       total 42496K, used 42385K [0x00000000c0000000, 0x00000000c2980000, 0x00000000eaa80000)
  object space 42496K, 99% used [0x00000000c0000000,0x00000000c2964448,0x00000000c2980000)
 PSPermGen       total 21504K, used 5790K [0x00000000bae00000, 0x00000000bc300000, 0x00000000c0000000)
  object space 21504K, 26% used [0x00000000bae00000,0x00000000bb3a79c8,0x00000000bc300000)

